c:\users\mkdewidar\documents\visual studio 2015\projects\space shooter\space shooter\release\vc140.pdb
c:\users\mkdewidar\documents\visual studio 2015\projects\space shooter\space shooter\release\rigidbody2d.obj
c:\users\mkdewidar\documents\visual studio 2015\projects\space shooter\space shooter\release\vector2d.obj
c:\users\mkdewidar\documents\visual studio 2015\projects\space shooter\space shooter\release\main.obj
c:\users\mkdewidar\documents\visual studio 2015\projects\space shooter\space shooter\release\mesh2d.obj
c:\users\mkdewidar\documents\visual studio 2015\projects\space shooter\space shooter\release\timemanager.obj
c:\users\mkdewidar\documents\visual studio 2015\projects\space shooter\space shooter\release\system.obj
c:\users\mkdewidar\documents\visual studio 2015\projects\space shooter\space shooter\release\renderer.obj
c:\users\mkdewidar\documents\visual studio 2015\projects\space shooter\space shooter\release\player.obj
c:\users\mkdewidar\documents\visual studio 2015\projects\space shooter\space shooter\release\bullet.obj
c:\users\mkdewidar\documents\visual studio 2015\projects\space shooter\space shooter\release\asteroid.obj
c:\users\mkdewidar\documents\visual studio 2015\projects\space shooter\space shooter\release\physics.obj
c:\users\mkdewidar\documents\visual studio 2015\projects\space shooter\space shooter\release\objectmanager.obj
c:\users\mkdewidar\documents\visual studio 2015\projects\space shooter\space shooter\release\messages.obj
c:\users\mkdewidar\documents\visual studio 2015\projects\space shooter\space shooter\release\messagebus.obj
c:\users\mkdewidar\documents\visual studio 2015\projects\space shooter\space shooter\release\logicmanager.obj
c:\users\mkdewidar\documents\visual studio 2015\projects\space shooter\space shooter\release\gameobject.obj
c:\users\mkdewidar\documents\visual studio 2015\projects\space shooter\space shooter\release\engine.obj
c:\users\mkdewidar\documents\visual studio 2015\projects\space shooter\space shooter\release\gamecomponent.obj
c:\users\mkdewidar\documents\visual studio 2015\projects\space shooter\space shooter\release\gamestate.obj
c:\users\mkdewidar\documents\visual studio 2015\projects\space shooter\release\space shooter.exe
c:\users\mkdewidar\documents\visual studio 2015\projects\space shooter\release\space shooter.ipdb
c:\users\mkdewidar\documents\visual studio 2015\projects\space shooter\release\space shooter.iobj
c:\users\mkdewidar\documents\visual studio 2015\projects\space shooter\release\space shooter.pdb
c:\users\mkdewidar\documents\visual studio 2015\projects\space shooter\space shooter\release\space shooter.tlog\cl.command.1.tlog
c:\users\mkdewidar\documents\visual studio 2015\projects\space shooter\space shooter\release\space shooter.tlog\cl.read.1.tlog
c:\users\mkdewidar\documents\visual studio 2015\projects\space shooter\space shooter\release\space shooter.tlog\cl.write.1.tlog
c:\users\mkdewidar\documents\visual studio 2015\projects\space shooter\space shooter\release\space shooter.tlog\link.command.1.tlog
c:\users\mkdewidar\documents\visual studio 2015\projects\space shooter\space shooter\release\space shooter.tlog\link.read.1.tlog
c:\users\mkdewidar\documents\visual studio 2015\projects\space shooter\space shooter\release\space shooter.tlog\link.write.1.tlog
